<?xml version="1.0" encoding="UTF-8"?>
<!-- Generated by org.testng.reporters.JUnitReportReporter -->
<testsuite hostname="DESKTOP-2C4DM4J" name="Org.qsp.TestNGDemo.AssertDemo" tests="1" failures="0" timestamp="31 Jul 2020 05:03:46 GMT" time="0.018" errors="0">
  <testcase name="m1" time="0.018" classname="Org.qsp.TestNGDemo.AssertDemo"/>
</testsuite> <!-- Org.qsp.TestNGDemo.AssertDemo -->
