<?xml version="1.0" encoding="UTF-8"?>
<!-- Generated by org.testng.reporters.JUnitReportReporter -->
<testsuite hostname="DESKTOP-2C4DM4J" name="Org.qsp.TestNGDemo.ParallelClass1" tests="1" failures="0" timestamp="31 Jul 2020 05:43:34 GMT" time="11.858" errors="0">
  <testcase name="m1" time="11.858" classname="Org.qsp.TestNGDemo.ParallelClass1"/>
</testsuite> <!-- Org.qsp.TestNGDemo.ParallelClass1 -->
