<?xml version="1.0" encoding="UTF-8"?>
<!-- Generated by org.testng.reporters.JUnitReportReporter -->
<testsuite hostname="DESKTOP-2C4DM4J" name="Org.qsp.TestNGDemo.ParallelDemo" tests="2" failures="0" timestamp="3 Aug 2020 05:30:33 GMT" time="62.632" errors="0">
  <testcase name="m" time="27.109" classname="Org.qsp.TestNGDemo.ParallelDemo"/>
  <testcase name="m" time="35.523" classname="Org.qsp.TestNGDemo.ParallelDemo"/>
</testsuite> <!-- Org.qsp.TestNGDemo.ParallelDemo -->
