<?xml version="1.0" encoding="UTF-8"?>
<!-- Generated by org.testng.reporters.JUnitReportReporter -->
<testsuite hostname="DESKTOP-2C4DM4J" name="Org.qsp.TestNGDemo.DataProviderDemo" tests="3" failures="0" timestamp="30 Jul 2020 05:15:42 GMT" time="0.018" errors="0">
  <testcase name="m1" time="0.001" classname="Org.qsp.TestNGDemo.DataProviderDemo"/>
  <testcase name="m1" time="0.016" classname="Org.qsp.TestNGDemo.DataProviderDemo"/>
  <testcase name="m1" time="0.001" classname="Org.qsp.TestNGDemo.DataProviderDemo"/>
</testsuite> <!-- Org.qsp.TestNGDemo.DataProviderDemo -->
