<?xml version="1.0" encoding="UTF-8"?>
<!-- Generated by org.testng.reporters.JUnitReportReporter -->
<testsuite hostname="DESKTOP-2C4DM4J" name="Org.qsp.TestNGDemo.TestActiTime" tests="2" failures="0" timestamp="27 Jul 2020 06:26:30 GMT" time="64.047" errors="0">
  <testcase name="m1" time="29.878" classname="Org.qsp.TestNGDemo.TestActiTime"/>
  <testcase name="m2" time="34.169" classname="Org.qsp.TestNGDemo.TestActiTime"/>
</testsuite> <!-- Org.qsp.TestNGDemo.TestActiTime -->
