<?xml version="1.0" encoding="UTF-8"?>
<!-- Generated by org.testng.reporters.JUnitReportReporter -->
<testsuite hostname="DESKTOP-2C4DM4J" name="Org.qsp.TestNGDemo.DemoTestNg" tests="2" failures="0" timestamp="24 Jul 2020 06:15:12 GMT" time="11.804" errors="0">
  <testcase name="m1" time="11.803" classname="Org.qsp.TestNGDemo.DemoTestNg"/>
  <testcase name="m2" time="0.001" classname="Org.qsp.TestNGDemo.DemoTestNg"/>
</testsuite> <!-- Org.qsp.TestNGDemo.DemoTestNg -->
