<?xml version="1.0" encoding="UTF-8"?>
<!-- Generated by org.testng.reporters.JUnitReportReporter -->
<testsuite hostname="DESKTOP-2C4DM4J" name="Org.qsp.TestNGDemo.ParallelClass2" tests="2" failures="0" timestamp="31 Jul 2020 06:01:27 GMT" time="40.009" errors="0">
  <testcase name="m1" time="20.416" classname="Org.qsp.TestNGDemo.ParallelClass2"/>
  <testcase name="m2" time="19.593" classname="Org.qsp.TestNGDemo.ParallelClass2"/>
</testsuite> <!-- Org.qsp.TestNGDemo.ParallelClass2 -->
