<?xml version="1.0" encoding="UTF-8"?>
<!-- Generated by org.testng.reporters.JUnitReportReporter -->
<testsuite hostname="DESKTOP-2C4DM4J" name="Org.qsp.TestNGDemo.GroupTestDemo" tests="6" failures="0" timestamp="28 Jul 2020 05:58:45 GMT" time="0.027" errors="0">
  <testcase name="m4" time="0.003" classname="Org.qsp.TestNGDemo.GroupTestDemo"/>
  <testcase name="m6" time="0.001" classname="Org.qsp.TestNGDemo.GroupTestDemo"/>
  <testcase name="m3" time="0.003" classname="Org.qsp.TestNGDemo.GroupTestDemo"/>
  <testcase name="m2" time="0.001" classname="Org.qsp.TestNGDemo.GroupTestDemo"/>
  <testcase name="m1" time="0.016" classname="Org.qsp.TestNGDemo.GroupTestDemo"/>
  <testcase name="m5" time="0.003" classname="Org.qsp.TestNGDemo.GroupTestDemo"/>
</testsuite> <!-- Org.qsp.TestNGDemo.GroupTestDemo -->
