<?xml version="1.0" encoding="UTF-8"?>
<!-- Generated by org.testng.reporters.JUnitReportReporter -->
<testsuite hostname="DESKTOP-2C4DM4J" name="Org.qsp.TestNGDemo.InvokTimeDemo" tests="2" failures="0" timestamp="28 Jul 2020 05:24:58 GMT" time="0.029" errors="0">
  <testcase name="m3" time="0.026" classname="Org.qsp.TestNGDemo.InvokTimeDemo"/>
  <testcase name="m1" time="0.003" classname="Org.qsp.TestNGDemo.InvokTimeDemo"/>
</testsuite> <!-- Org.qsp.TestNGDemo.InvokTimeDemo -->
